<?xml version="1.0" encoding="UTF-8"?>
<testng-results skipped="0" failed="1" total="3" passed="2">
  <reporter-output>
  </reporter-output>
  <suite name="Default suite" duration-ms="16914" started-at="2018-01-31T11:01:54Z" finished-at="2018-01-31T11:02:11Z">
    <groups>
    </groups>
    <test name="Default test" duration-ms="16914" started-at="2018-01-31T11:01:54Z" finished-at="2018-01-31T11:02:11Z">
      <class name="com.homepage.homePage">
        <test-method status="PASS" signature="OpenBrowser()[pri:0, instance:com.homepage.homePage@47c62251]" name="OpenBrowser" duration-ms="6573" started-at="2018-01-31T06:02:04Z" finished-at="2018-01-31T06:02:11Z">
          <reporter-output>
          </reporter-output>
        </test-method> <!-- OpenBrowser -->
      </class> <!-- com.homepage.homePage -->
      <class name="com.homepage.VerificationDetails">
        <test-method status="FAIL" signature="verifydetails()[pri:0, instance:null]" name="verifydetails" duration-ms="3792" started-at="2018-01-31T06:01:54Z" finished-at="2018-01-31T06:01:58Z">
          <exception class="java.lang.NullPointerException">
            <full-stacktrace>
              <![CDATA[java.lang.NullPointerException
	at com.homepage.VerificationDetails.verifydetails(VerificationDetails.java:60)
	at sun.reflect.NativeMethodAccessorImpl.invoke0(Native Method)
	at sun.reflect.NativeMethodAccessorImpl.invoke(Unknown Source)
	at sun.reflect.DelegatingMethodAccessorImpl.invoke(Unknown Source)
	at java.lang.reflect.Method.invoke(Unknown Source)
	at org.testng.internal.MethodInvocationHelper.invokeMethod(MethodInvocationHelper.java:86)
	at org.testng.internal.Invoker.invokeMethod(Invoker.java:643)
	at org.testng.internal.Invoker.invokeTestMethod(Invoker.java:820)
	at org.testng.internal.Invoker.invokeTestMethods(Invoker.java:1128)
	at org.testng.internal.TestMethodWorker.invokeTestMethods(TestMethodWorker.java:129)
	at org.testng.internal.TestMethodWorker.run(TestMethodWorker.java:112)
	at org.testng.TestRunner.privateRun(TestRunner.java:782)
	at org.testng.TestRunner.run(TestRunner.java:632)
	at org.testng.SuiteRunner.runTest(SuiteRunner.java:366)
	at org.testng.SuiteRunner.runSequentially(SuiteRunner.java:361)
	at org.testng.SuiteRunner.privateRun(SuiteRunner.java:319)
	at org.testng.SuiteRunner.run(SuiteRunner.java:268)
	at org.testng.SuiteRunnerWorker.runSuite(SuiteRunnerWorker.java:52)
	at org.testng.SuiteRunnerWorker.run(SuiteRunnerWorker.java:86)
	at org.testng.TestNG.runSuitesSequentially(TestNG.java:1244)
	at org.testng.TestNG.runSuitesLocally(TestNG.java:1169)
	at org.testng.TestNG.run(TestNG.java:1064)
	at org.testng.remote.AbstractRemoteTestNG.run(AbstractRemoteTestNG.java:114)
	at org.testng.remote.RemoteTestNG.initAndRun(RemoteTestNG.java:251)
	at org.testng.remote.RemoteTestNG.main(RemoteTestNG.java:77)
]]>
            </full-stacktrace>
          </exception> <!-- java.lang.NullPointerException -->
          <reporter-output>
          </reporter-output>
        </test-method> <!-- verifydetails -->
      </class> <!-- com.homepage.VerificationDetails -->
      <class name="featurefiles.chukes">
        <test-method status="PASS" signature="OpenBrowser()[pri:0, instance:featurefiles.chukes@3e6fa38a]" name="OpenBrowser" duration-ms="6517" started-at="2018-01-31T06:01:58Z" finished-at="2018-01-31T06:02:04Z">
          <reporter-output>
          </reporter-output>
        </test-method> <!-- OpenBrowser -->
      </class> <!-- featurefiles.chukes -->
    </test> <!-- Default test -->
  </suite> <!-- Default suite -->
</testng-results>
